<?xml version="1.0" encoding="UTF-8"?>
<testsuite xmlns:xsi="http://www.w3.org/2001/XMLSchema-instance" xsi:noNamespaceSchemaLocation="https://maven.apache.org/surefire/maven-surefire-plugin/xsd/surefire-test-report-3.0.xsd" version="3.0" name="com.pis.selenium.SeleniumApplicationTests" time="16.719" tests="6" errors="0" skipped="0" failures="0">
  <properties>
[...]
</properties>
  <testcase name="testShortPassword" classname="com.pis.selenium.SeleniumApplicationTests" time="5.044">
    <system-out><![CDATA[01:33:19.024 [main] INFO org.springframework.test.context.support.AnnotationConfigContextLoaderUtils -- Could not detect default configuration classes for test class [com.pis.selenium.SeleniumApplicationTests]: SeleniumApplicationTests does not declare any static, non-private, non-final, nested classes annotated with @Configuration.
01:33:19.202 [main] INFO org.springframework.boot.test.context.SpringBootTestContextBootstrapper -- Found @SpringBootConfiguration com.pis.selenium.SeleniumApplication for test class com.pis.selenium.SeleniumApplicationTests

  .   ____          _            __ _ _
 /\\ / ___'_ __ _ _(_)_ __  __ _ \ \ \ \
( ( )\___ | '_ | '_| | '_ \/ _` | \ \ \ \
 \\/  ___)| |_)| | | | | || (_| |  ) ) ) )
  '  |____| .__|_| |_|_| |_\__, | / / / /
 =========|_|==============|___/=/_/_/_/
 :: Spring Boot ::                (v3.2.0)

2023-12-20T01:33:19.876+02:00  INFO 2282532 --- [           main] c.pis.selenium.SeleniumApplicationTests  : Starting SeleniumApplicationTests using Java 17.0.9 with PID 2282532 (started by todor in /home/todor/Documents/repos/selenium)
2023-12-20T01:33:19.878+02:00  INFO 2282532 --- [           main] c.pis.selenium.SeleniumApplicationTests  : No active profile set, falling back to 1 default profile: "default"
2023-12-20T01:33:20.830+02:00  INFO 2282532 --- [           main] c.pis.selenium.SeleniumApplicationTests  : Started SeleniumApplicationTests in 1.368 seconds (process running for 2.984)
2023-12-20T01:33:22.789+02:00  INFO 2282532 --- [           main] i.g.bonigarcia.wdm.WebDriverManager      : Using chromedriver 119.0.6045.105 (resolved driver for Chromium 119)
2023-12-20T01:33:22.821+02:00  INFO 2282532 --- [           main] i.g.bonigarcia.wdm.WebDriverManager      : Exporting webdriver.chrome.driver as /home/todor/.cache/selenium/chromedriver/linux64/119.0.6045.105/chromedriver
]]></system-out>
  </testcase>
  <testcase name="testValidRegistration" classname="com.pis.selenium.SeleniumApplicationTests" time="2.073">
    <system-out><![CDATA[2023-12-20T01:33:25.907+02:00  INFO 2282532 --- [           main] i.g.bonigarcia.wdm.WebDriverManager      : Using chromedriver 119.0.6045.105 (resolved driver for Chromium 119)
2023-12-20T01:33:25.918+02:00  INFO 2282532 --- [           main] i.g.bonigarcia.wdm.WebDriverManager      : Exporting webdriver.chrome.driver as /home/todor/.cache/selenium/chromedriver/linux64/119.0.6045.105/chromedriver
]]></system-out>
  </testcase>
  <testcase name="testInvalidFullName" classname="com.pis.selenium.SeleniumApplicationTests" time="1.855">
    <system-out><![CDATA[2023-12-20T01:33:28.008+02:00  INFO 2282532 --- [           main] i.g.bonigarcia.wdm.WebDriverManager      : Using chromedriver 119.0.6045.105 (resolved driver for Chromium 119)
2023-12-20T01:33:28.023+02:00  INFO 2282532 --- [           main] i.g.bonigarcia.wdm.WebDriverManager      : Exporting webdriver.chrome.driver as /home/todor/.cache/selenium/chromedriver/linux64/119.0.6045.105/chromedriver
]]></system-out>
  </testcase>
  <testcase name="testPasswordsDoNotMatch" classname="com.pis.selenium.SeleniumApplicationTests" time="1.802">
    <system-out><![CDATA[2023-12-20T01:33:29.840+02:00  INFO 2282532 --- [           main] i.g.bonigarcia.wdm.WebDriverManager      : Using chromedriver 119.0.6045.105 (resolved driver for Chromium 119)
2023-12-20T01:33:29.849+02:00  INFO 2282532 --- [           main] i.g.bonigarcia.wdm.WebDriverManager      : Exporting webdriver.chrome.driver as /home/todor/.cache/selenium/chromedriver/linux64/119.0.6045.105/chromedriver
]]></system-out>
  </testcase>
  <testcase name="testInvalidEmail" classname="com.pis.selenium.SeleniumApplicationTests" time="2.047">
    <system-out><![CDATA[2023-12-20T01:33:31.641+02:00  INFO 2282532 --- [           main] i.g.bonigarcia.wdm.WebDriverManager      : Using chromedriver 119.0.6045.105 (resolved driver for Chromium 119)
2023-12-20T01:33:31.646+02:00  INFO 2282532 --- [           main] i.g.bonigarcia.wdm.WebDriverManager      : Exporting webdriver.chrome.driver as /home/todor/.cache/selenium/chromedriver/linux64/119.0.6045.105/chromedriver
]]></system-out>
  </testcase>
  <testcase name="testMissingFullName" classname="com.pis.selenium.SeleniumApplicationTests" time="1.745">
    <system-out><![CDATA[2023-12-20T01:33:33.693+02:00  INFO 2282532 --- [           main] i.g.bonigarcia.wdm.WebDriverManager      : Using chromedriver 119.0.6045.105 (resolved driver for Chromium 119)
2023-12-20T01:33:33.699+02:00  INFO 2282532 --- [           main] i.g.bonigarcia.wdm.WebDriverManager      : Exporting webdriver.chrome.driver as /home/todor/.cache/selenium/chromedriver/linux64/119.0.6045.105/chromedriver
]]></system-out>
  </testcase>
</testsuite>